<?xml version="1.0" encoding="UTF-8"?>
<testsuite xmlns:xsi="http://www.w3.org/2001/XMLSchema-instance" xsi:noNamespaceSchemaLocation="https://maven.apache.org/surefire/maven-surefire-plugin/xsd/surefire-test-report.xsd" name="fafi.AppTest" time="0.012" tests="1" errors="0" skipped="0" failures="0">
  <properties>
    <property name="sun.desktop" value="windows"/>
    <property name="awt.toolkit" value="sun.awt.windows.WToolkit"/>
    <property name="file.encoding.pkg" value="sun.io"/>
    <property name="java.specification.version" value="1.8"/>
    <property name="sun.cpu.isalist" value="amd64"/>
    <property name="sun.jnu.encoding" value="GBK"/>
    <property name="java.class.path" value="D:\ideaws\SpringTest\target\test-classes;D:\ideaws\SpringTest\target\classes;C:\Users\Administrator\.m2\repository\junit\junit\4.11\junit-4.11.jar;C:\Users\Administrator\.m2\repository\org\hamcrest\hamcrest-core\1.3\hamcrest-core-1.3.jar;C:\Users\Administrator\.m2\repository\aopalliance\aopalliance\1.0\aopalliance-1.0.jar;C:\Users\Administrator\.m2\repository\org\aspectj\aspectjrt\1.6.11\aspectjrt-1.6.11.jar;C:\Users\Administrator\.m2\repository\org\aspectj\aspectjweaver\1.6.8\aspectjweaver-1.6.8.jar;C:\Users\Administrator\.m2\repository\org\springframework\spring-core\3.2.12.RELEASE\spring-core-3.2.12.RELEASE.jar;C:\Users\Administrator\.m2\repository\commons-logging\commons-logging\1.1.3\commons-logging-1.1.3.jar;C:\Users\Administrator\.m2\repository\org\springframework\spring-expression\3.2.12.RELEASE\spring-expression-3.2.12.RELEASE.jar;C:\Users\Administrator\.m2\repository\org\springframework\spring-beans\3.2.12.RELEASE\spring-beans-3.2.12.RELEASE.jar;C:\Users\Administrator\.m2\repository\org\springframework\spring-aop\3.2.12.RELEASE\spring-aop-3.2.12.RELEASE.jar;C:\Users\Administrator\.m2\repository\org\springframework\spring-context\3.2.12.RELEASE\spring-context-3.2.12.RELEASE.jar;C:\Users\Administrator\.m2\repository\org\springframework\spring-context-support\3.2.12.RELEASE\spring-context-support-3.2.12.RELEASE.jar;"/>
    <property name="java.vm.vendor" value="Oracle Corporation"/>
    <property name="sun.arch.data.model" value="64"/>
    <property name="user.variant" value=""/>
    <property name="java.vendor.url" value="http://java.oracle.com/"/>
    <property name="user.timezone" value="Asia/Shanghai"/>
    <property name="java.vm.specification.version" value="1.8"/>
    <property name="os.name" value="Windows 7"/>
    <property name="user.country" value="CN"/>
    <property name="sun.java.launcher" value="SUN_STANDARD"/>
    <property name="sun.boot.library.path" value="D:\software\Java\jdk1.8.0_111\jre\bin"/>
    <property name="sun.java.command" value="C:\Users\ADMINI~1\AppData\Local\Temp\surefire1225298342280553539\surefirebooter6274519712875739911.jar C:\Users\Administrator\AppData\Local\Temp\surefire1225298342280553539 2019-12-25T15-59-23_519-jvmRun1 surefire8072500805368316052tmp surefire_08876902525013165871tmp"/>
    <property name="surefire.test.class.path" value="D:\ideaws\SpringTest\target\test-classes;D:\ideaws\SpringTest\target\classes;C:\Users\Administrator\.m2\repository\junit\junit\4.11\junit-4.11.jar;C:\Users\Administrator\.m2\repository\org\hamcrest\hamcrest-core\1.3\hamcrest-core-1.3.jar;C:\Users\Administrator\.m2\repository\aopalliance\aopalliance\1.0\aopalliance-1.0.jar;C:\Users\Administrator\.m2\repository\org\aspectj\aspectjrt\1.6.11\aspectjrt-1.6.11.jar;C:\Users\Administrator\.m2\repository\org\aspectj\aspectjweaver\1.6.8\aspectjweaver-1.6.8.jar;C:\Users\Administrator\.m2\repository\org\springframework\spring-core\3.2.12.RELEASE\spring-core-3.2.12.RELEASE.jar;C:\Users\Administrator\.m2\repository\commons-logging\commons-logging\1.1.3\commons-logging-1.1.3.jar;C:\Users\Administrator\.m2\repository\org\springframework\spring-expression\3.2.12.RELEASE\spring-expression-3.2.12.RELEASE.jar;C:\Users\Administrator\.m2\repository\org\springframework\spring-beans\3.2.12.RELEASE\spring-beans-3.2.12.RELEASE.jar;C:\Users\Administrator\.m2\repository\org\springframework\spring-aop\3.2.12.RELEASE\spring-aop-3.2.12.RELEASE.jar;C:\Users\Administrator\.m2\repository\org\springframework\spring-context\3.2.12.RELEASE\spring-context-3.2.12.RELEASE.jar;C:\Users\Administrator\.m2\repository\org\springframework\spring-context-support\3.2.12.RELEASE\spring-context-support-3.2.12.RELEASE.jar;"/>
    <property name="sun.cpu.endian" value="little"/>
    <property name="user.home" value="C:\Users\Administrator"/>
    <property name="user.language" value="zh"/>
    <property name="java.specification.vendor" value="Oracle Corporation"/>
    <property name="idea.version2019.2.2" value="true"/>
    <property name="java.home" value="D:\software\Java\jdk1.8.0_111\jre"/>
    <property name="basedir" value="D:\ideaws\SpringTest"/>
    <property name="file.separator" value="\"/>
    <property name="line.separator" value="&#10;"/>
    <property name="java.vm.specification.vendor" value="Oracle Corporation"/>
    <property name="java.specification.name" value="Java Platform API Specification"/>
    <property name="java.awt.graphicsenv" value="sun.awt.Win32GraphicsEnvironment"/>
    <property name="surefire.real.class.path" value="C:\Users\ADMINI~1\AppData\Local\Temp\surefire1225298342280553539\surefirebooter6274519712875739911.jar"/>
    <property name="sun.boot.class.path" value="D:\software\Java\jdk1.8.0_111\jre\lib\resources.jar;D:\software\Java\jdk1.8.0_111\jre\lib\rt.jar;D:\software\Java\jdk1.8.0_111\jre\lib\sunrsasign.jar;D:\software\Java\jdk1.8.0_111\jre\lib\jsse.jar;D:\software\Java\jdk1.8.0_111\jre\lib\jce.jar;D:\software\Java\jdk1.8.0_111\jre\lib\charsets.jar;D:\software\Java\jdk1.8.0_111\jre\lib\jfr.jar;D:\software\Java\jdk1.8.0_111\jre\classes"/>
    <property name="user.script" value=""/>
    <property name="sun.management.compiler" value="HotSpot 64-Bit Tiered Compilers"/>
    <property name="java.runtime.version" value="1.8.0_111-b14"/>
    <property name="user.name" value="Administrator"/>
    <property name="path.separator" value=";"/>
    <property name="os.version" value="6.1"/>
    <property name="java.endorsed.dirs" value="D:\software\Java\jdk1.8.0_111\jre\lib\endorsed"/>
    <property name="java.runtime.name" value="Java(TM) SE Runtime Environment"/>
    <property name="file.encoding" value="GBK"/>
    <property name="java.vm.name" value="Java HotSpot(TM) 64-Bit Server VM"/>
    <property name="localRepository" value="C:\Users\Administrator\.m2\repository"/>
    <property name="java.vendor.url.bug" value="http://bugreport.sun.com/bugreport/"/>
    <property name="java.io.tmpdir" value="C:\Users\ADMINI~1\AppData\Local\Temp\"/>
    <property name="java.version" value="1.8.0_111"/>
    <property name="user.dir" value="D:\ideaws\SpringTest"/>
    <property name="os.arch" value="amd64"/>
    <property name="java.vm.specification.name" value="Java Virtual Machine Specification"/>
    <property name="java.awt.printerjob" value="sun.awt.windows.WPrinterJob"/>
    <property name="sun.os.patch.level" value="Service Pack 1"/>
    <property name="java.library.path" value="D:\software\Java\jdk1.8.0_111\jre\bin;C:\Windows\Sun\Java\bin;C:\Windows\system32;C:\Windows;C:\Program Files (x86)\Common Files\NetSarang;C:\Windows\system32;C:\Windows;C:\Windows\System32\Wbem;C:\Windows\System32\WindowsPowerShell\v1.0\;C:\Program Files (x86)\Microsoft SQL Server\100\Tools\Binn\;C:\Program Files\Microsoft SQL Server\100\Tools\Binn\;C:\Program Files\Microsoft SQL Server\100\DTS\Binn\;D:\software\Java\jdk1.8.0_111\bin;C:\Program Files\Git\cmd;D:\software\apache-maven-3.3.9\bin;C:\Program Files\Android\Android Studio\gradle\gradle-4.1\bin;C:\Program Files\nodejs;C:\Users\Administrator\AppData\Local\Android\sdk/tools;C:\Users\Administrator\AppData\Local\Android\sdk/platform-tools;C:\Users\Administrator\AppData\Local\Android\sdk/emulator;D:\AppServ\Apache24\bin;D:\AppServ\php5;D:\AppServ\MySQL\bin;C:\Users\Administrator\AppData\Local\Programs\Microsoft VS Code\bin;."/>
    <property name="java.vm.info" value="mixed mode"/>
    <property name="java.vendor" value="Oracle Corporation"/>
    <property name="java.vm.version" value="25.111-b14"/>
    <property name="java.ext.dirs" value="D:\software\Java\jdk1.8.0_111\jre\lib\ext;C:\Windows\Sun\Java\lib\ext"/>
    <property name="sun.io.unicode.encoding" value="UnicodeLittle"/>
    <property name="java.class.version" value="52.0"/>
  </properties>
  <testcase name="shouldAnswerWithTrue" classname="fafi.AppTest" time="0.001"/>
</testsuite>